<?xml version="1.0" encoding="UTF-8"?>
<!-- Generated by org.testng.reporters.JUnitXMLReporter -->
<testsuite ignored="0" hostname="Nostras-MacBook-Pro.local" failures="0" tests="4" name="Default test" time="17.31" errors="0" timestamp="2021-04-16T19:42:29 WIB">
  <testcase classname="com.jakartalabsassignment.diandra_irdianti.BuilderAPITest" name="signUpAPI" time="10.942"/>
  <testcase classname="com.jakartalabsassignment.diandra_irdianti.BuilderAPITest" name="setCurrencyAPI" time="2.732"/>
  <testcase classname="com.jakartalabsassignment.diandra_irdianti.BuilderAPITest" name="profileAPI" time="1.815"/>
  <testcase classname="com.jakartalabsassignment.diandra_irdianti.BuilderAPITest" name="signOutAPI" time="1.676"/>
</testsuite> <!-- Default test -->
