<?xml version="1.0" encoding="UTF-8"?>
<testng-results ignored="0" total="4" passed="4" failed="0" skipped="0">
  <reporter-output>
  </reporter-output>
  <suite started-at="2021-04-16T13:17:25Z" name="Suite" finished-at="2021-04-16T13:17:39Z" duration-ms="13918">
    <groups>
    </groups>
    <test started-at="2021-04-16T13:17:25Z" name="Test" finished-at="2021-04-16T13:17:39Z" duration-ms="13918">
      <class name="com.jakartalabsassignment.diandra_irdianti.BuilderAPITest">
        <test-method signature="signUpAPI()[pri:1, instance:com.jakartalabsassignment.diandra_irdianti.BuilderAPITest@47db50c5]" started-at="2021-04-16T13:17:25Z" name="signUpAPI" finished-at="2021-04-16T13:17:34Z" duration-ms="9114" status="PASS">
          <reporter-output>
          </reporter-output>
        </test-method> <!-- signUpAPI -->
        <test-method signature="setCurrencyAPI()[pri:2, instance:com.jakartalabsassignment.diandra_irdianti.BuilderAPITest@47db50c5]" started-at="2021-04-16T13:17:34Z" name="setCurrencyAPI" finished-at="2021-04-16T13:17:36Z" duration-ms="1905" status="PASS">
          <reporter-output>
          </reporter-output>
        </test-method> <!-- setCurrencyAPI -->
        <test-method signature="profileAPI()[pri:3, instance:com.jakartalabsassignment.diandra_irdianti.BuilderAPITest@47db50c5]" started-at="2021-04-16T13:17:36Z" name="profileAPI" finished-at="2021-04-16T13:17:37Z" duration-ms="1474" status="PASS">
          <reporter-output>
          </reporter-output>
        </test-method> <!-- profileAPI -->
        <test-method signature="signOutAPI()[pri:4, instance:com.jakartalabsassignment.diandra_irdianti.BuilderAPITest@47db50c5]" started-at="2021-04-16T13:17:37Z" name="signOutAPI" finished-at="2021-04-16T13:17:39Z" duration-ms="1332" status="PASS">
          <reporter-output>
          </reporter-output>
        </test-method> <!-- signOutAPI -->
      </class> <!-- com.jakartalabsassignment.diandra_irdianti.BuilderAPITest -->
    </test> <!-- Test -->
  </suite> <!-- Suite -->
</testng-results>
